<?xml version="1.0" encoding="UTF-8"?>
<!-- Generated by org.testng.reporters.JUnitReportReporter -->
<testsuite hostname="BDC4-L-5LW6QQ2" name="com.tests.NewTest2" tests="1" failures="0" timestamp="9 Apr 2019 16:54:57 GMT" time="7.670" errors="0">
  <testcase name="f" time="7.670" classname="com.tests.NewTest2"/>
</testsuite> <!-- com.tests.NewTest2 -->
