<?xml version="1.0" encoding="UTF-8"?>
<!-- Generated by org.testng.reporters.JUnitReportReporter -->
<testsuite hostname="BDC4-L-5LW6QQ2" name="com.tests.NewTest1" tests="1" failures="0" timestamp="8 Apr 2019 16:45:44 GMT" time="27.948" errors="0">
  <testcase name="testHdfc" time="27.948" classname="com.tests.NewTest1"/>
</testsuite> <!-- com.tests.NewTest1 -->
