<?xml version="1.0" encoding="UTF-8"?>
<!-- Generated by org.testng.reporters.JUnitReportReporter -->
<testsuite hostname="BDC4-L-5LW6QQ2" name="com.tests.ClearTripKeyBoardActionDemo" tests="1" failures="0" timestamp="8 Apr 2019 15:18:43 GMT" time="44.730" errors="0">
  <testcase name="testKeyBoardAction" time="44.730" classname="com.tests.ClearTripKeyBoardActionDemo"/>
</testsuite> <!-- com.tests.ClearTripKeyBoardActionDemo -->
